<?xml version="1.0" encoding="UTF-8"?>
<!-- Generated by org.testng.reporters.JUnitReportReporter -->
<testsuite hostname="DESKTOP-QTNCLAJ" failures="0" tests="1" name="testngExample.Exp_TestNG" time="0.016" errors="0" timestamp="10 May 2023 11:46:02 GMT">
  <testcase classname="testngExample.Exp_TestNG" name="login" time="0.016"/>
</testsuite> <!-- testngExample.Exp_TestNG -->
