<?xml version="1.0" encoding="UTF-8"?>
<!-- Generated by org.testng.reporters.JUnitReportReporter -->
<testsuite hostname="DESKTOP-QTNCLAJ" failures="0" tests="1" name="com.hrms.testscripts.TC_002" time="7.489" errors="0" timestamp="2023-05-11T16:44:34 IST" skipped="0">
  <testcase classname="com.hrms.testscripts.TC_002" name="run" time="7.489"/>
  <system-out/>
</testsuite> <!-- com.hrms.testscripts.TC_002 -->
